Arguments: 
  C:\Program Files\nodejs\node.exe C:\Users\Harsh\AppData\Roaming\npm\node_modules\yarn\bin\yarn.js add url stream-browserify stream-http https-browserify assert os crypto

PATH: 
  C:\Program Files\Python310\Scripts\;C:\Program Files\Python310\;C:\ProgramData\Oracle\Java\javapath;C:\Windows\system32;C:\Windows;C:\Windows\System32\Wbem;C:\Windows\System32\WindowsPowerShell\v1.0\;C:\Windows\System32\OpenSSH\;C:\Program Files (x86)\NVIDIA Corporation\PhysX\Common;C:\Program Files\NVIDIA Corporation\NVIDIA NvDLISR;C:\WINDOWS\system32;C:\WINDOWS;C:\WINDOWS\System32\Wbem;C:\WINDOWS\System32\WindowsPowerShell\v1.0\;C:\WINDOWS\System32\OpenSSH\;C:\Program Files\Git\cmd;C:\Program Files\nodejs\;C:\Users\Harsh\AppData\Local\Microsoft\WindowsApps;C:\msys64\mingw64\bin;C:\ProgramData\Harsh\GitHubDesktop\bin;C:\Users\Harsh\AppData\Local\GitHubDesktop\bin;C:\Users\Harsh\AppData\Roaming\npm;C:\Users\Harsh\AppData\Local\Programs\Microsoft VS Code\bin;C:\Users\Harsh\AppData\Roaming\Python\Python310\Scripts;C:\src\flutter\bin;C:\Users\Harsh\AppData\Local\Pub\Cache\bin;

Yarn version: 
  1.22.19

Node version: 
  16.15.1

Platform: 
  win32 x64

Trace: 
  Error: EPERM: operation not permitted, copyfile 'C:\Users\Harsh\AppData\Local\Yarn\Cache\v6\npm-core-js-pure-3.26.0-7ad8a5dd7d910756f3124374b50026e23265ca9a-integrity\node_modules\core-js-pure\modules\es.global-this.js' -> 'D:\GitHub\web3Locker\node_modules\core-js-pure\modules\es.global-this.js'

npm manifest: 
  {
    "name": "argon-design-system-react",
    "version": "1.1.1",
    "description": "React version of Argon Design System by Creative Tim",
    "main": "index.js",
    "repository": {
      "type": "git",
      "url": "git+https://github.com/creativetimofficial/argon-design-system-react.git"
    },
    "keywords": [
      "react",
      "reactjs",
      "argon",
      "argon-react",
      "design",
      "design-react",
      "argon-design",
      "argon-design-react",
      "kit",
      "react-kit",
      "argon-design-system",
      "argon-design-system-react",
      "design-system-react"
    ],
    "author": "Creative Tim",
    "license": "MIT",
    "bugs": {
      "url": "https://github.com/creativetimofficial/argon-design-system-react/issues"
    },
    "homepage": "https://demos.creative-tim.com/argon-design-system-react/",
    "scripts": {
      "start": "react-scripts start",
      "build": "react-scripts build && gulp licenses",
      "test": "react-scripts test",
      "eject": "react-scripts eject",
      "install:clean": "rm -rf node_modules/ && rm -rf package-lock.json && npm install && npm start",
      "compile-sass": "sass src/assets/scss/argon-design-system-react.scss src/assets/css/argon-design-system-react.css",
      "minify-sass": "sass src/assets/scss/argon-design-system-react.scss src/assets/css/argon-design-system-react.min.css --style compressed"
    },
    "eslintConfig": {
      "extends": "react-app"
    },
    "browserslist": [
      ">0.2%",
      "not dead",
      "not ie <= 11",
      "not op_mini all"
    ],
    "dependencies": {
      "@arcana/storage": "^0.3.16",
      "@uauth/js": "^2.4.0",
      "@uauth/web3modal": "^2.4.0",
      "@walletconnect/web3-provider": "^1.8.0",
      "bootstrap": "4.3.1",
      "classnames": "2.3.1",
      "headroom.js": "0.12.0",
      "moment": "2.29.4",
      "nouislider": "14.1.1",
      "react": "^18.2.0",
      "react-datetime": "3.1.1",
      "react-dom": "^18.2.0",
      "react-icons": "^4.4.0",
      "react-router-dom": "5.1.2",
      "react-scripts": "5.0.1",
      "reactstrap": "8.4.1",
      "sass": "1.53.0",
      "web3": "^1.8.0",
      "web3modal": "^1.9.9"
    },
    "devDependencies": {
      "@babel/core": "^7.19.6",
      "@babel/preset-env": "^7.19.4",
      "@types/googlemaps": "3.39.2",
      "@types/markerclustererplus": "2.1.33",
      "@types/react": "18.0.17",
      "babel-loader": "^9.1.0",
      "eslint-plugin-flowtype": "8.0.3",
      "gulp": "4.0.2",
      "gulp-append-prepend": "1.0.9",
      "jquery": "3.6.0",
      "typescript": "4.7.4",
      "webpack": "^5.74.0"
    }
  }

yarn manifest: 
  No manifest

Lockfile: 
  No lockfile
